INFO:     Will watch for changes in these directories: ['/home/vighnesh/Projects/QuizzApp-RBMI/backend']
INFO:     Uvicorn running on http://0.0.0.0:8000 (Press CTRL+C to quit)
INFO:     Started reloader process [3335] using WatchFiles
/home/vighnesh/Projects/QuizzApp-RBMI/backend/app/models/models.py:160: SAWarning: This declarative base already contains a class with the same class name and module name as app.models.models.Subject, and will be replaced in the string-lookup table.
  class Subject(Base):
Process SpawnProcess-1:
Traceback (most recent call last):
  File "/home/vighnesh/.local/share/mise/installs/python/3.13.7/lib/python3.13/multiprocessing/process.py", line 313, in _bootstrap
    self.run()
    ~~~~~~~~^^
  File "/home/vighnesh/.local/share/mise/installs/python/3.13.7/lib/python3.13/multiprocessing/process.py", line 108, in run
    self._target(*self._args, **self._kwargs)
    ~~~~~~~~~~~~^^^^^^^^^^^^^^^^^^^^^^^^^^^^^
  File "/home/vighnesh/Projects/QuizzApp-RBMI/backend/venv/lib/python3.13/site-packages/uvicorn/_subprocess.py", line 80, in subprocess_started
    target(sockets=sockets)
    ~~~~~~^^^^^^^^^^^^^^^^^
  File "/home/vighnesh/Projects/QuizzApp-RBMI/backend/venv/lib/python3.13/site-packages/uvicorn/server.py", line 65, in run
    return asyncio.run(self.serve(sockets=sockets))
           ~~~~~~~~~~~^^^^^^^^^^^^^^^^^^^^^^^^^^^^^
  File "/home/vighnesh/.local/share/mise/installs/python/3.13.7/lib/python3.13/asyncio/runners.py", line 195, in run
    return runner.run(main)
           ~~~~~~~~~~^^^^^^
  File "/home/vighnesh/.local/share/mise/installs/python/3.13.7/lib/python3.13/asyncio/runners.py", line 118, in run
    return self._loop.run_until_complete(task)
           ~~~~~~~~~~~~~~~~~~~~~~~~~~~~~^^^^^^
  File "uvloop/loop.pyx", line 1518, in uvloop.loop.Loop.run_until_complete
  File "/home/vighnesh/Projects/QuizzApp-RBMI/backend/venv/lib/python3.13/site-packages/uvicorn/server.py", line 69, in serve
    await self._serve(sockets)
  File "/home/vighnesh/Projects/QuizzApp-RBMI/backend/venv/lib/python3.13/site-packages/uvicorn/server.py", line 76, in _serve
    config.load()
    ~~~~~~~~~~~^^
  File "/home/vighnesh/Projects/QuizzApp-RBMI/backend/venv/lib/python3.13/site-packages/uvicorn/config.py", line 434, in load
    self.loaded_app = import_from_string(self.app)
                      ~~~~~~~~~~~~~~~~~~^^^^^^^^^^
  File "/home/vighnesh/Projects/QuizzApp-RBMI/backend/venv/lib/python3.13/site-packages/uvicorn/importer.py", line 19, in import_from_string
    module = importlib.import_module(module_str)
  File "/home/vighnesh/.local/share/mise/installs/python/3.13.7/lib/python3.13/importlib/__init__.py", line 88, in import_module
    return _bootstrap._gcd_import(name[level:], package, level)
           ~~~~~~~~~~~~~~~~~~~~~~^^^^^^^^^^^^^^^^^^^^^^^^^^^^^^
  File "<frozen importlib._bootstrap>", line 1387, in _gcd_import
  File "<frozen importlib._bootstrap>", line 1360, in _find_and_load
  File "<frozen importlib._bootstrap>", line 1331, in _find_and_load_unlocked
  File "<frozen importlib._bootstrap>", line 935, in _load_unlocked
  File "<frozen importlib._bootstrap_external>", line 1026, in exec_module
  File "<frozen importlib._bootstrap>", line 488, in _call_with_frames_removed
  File "/home/vighnesh/Projects/QuizzApp-RBMI/backend/app/main.py", line 5, in <module>
    from app.models.models import User, RoleEnum
  File "/home/vighnesh/Projects/QuizzApp-RBMI/backend/app/models/models.py", line 160, in <module>
    class Subject(Base):
    ...<14 lines>...
        question_bank = relationship("QuestionBank", back_populates="subject")
  File "/home/vighnesh/Projects/QuizzApp-RBMI/backend/venv/lib/python3.13/site-packages/sqlalchemy/orm/decl_api.py", line 196, in __init__
    _as_declarative(reg, cls, dict_)
    ~~~~~~~~~~~~~~~^^^^^^^^^^^^^^^^^
  File "/home/vighnesh/Projects/QuizzApp-RBMI/backend/venv/lib/python3.13/site-packages/sqlalchemy/orm/decl_base.py", line 244, in _as_declarative
    return _MapperConfig.setup_mapping(registry, cls, dict_, None, {})
           ~~~~~~~~~~~~~~~~~~~~~~~~~~~^^^^^^^^^^^^^^^^^^^^^^^^^^^^^^^^
  File "/home/vighnesh/Projects/QuizzApp-RBMI/backend/venv/lib/python3.13/site-packages/sqlalchemy/orm/decl_base.py", line 325, in setup_mapping
    return _ClassScanMapperConfig(
        registry, cls_, dict_, table, mapper_kw
    )
  File "/home/vighnesh/Projects/QuizzApp-RBMI/backend/venv/lib/python3.13/site-packages/sqlalchemy/orm/decl_base.py", line 576, in __init__
    self._setup_table(table)
    ~~~~~~~~~~~~~~~~~^^^^^^^
  File "/home/vighnesh/Projects/QuizzApp-RBMI/backend/venv/lib/python3.13/site-packages/sqlalchemy/orm/decl_base.py", line 1759, in _setup_table
    table_cls(
    ~~~~~~~~~^
        tablename,
        ^^^^^^^^^^
    ...<3 lines>...
        **table_kw,
        ^^^^^^^^^^^
    ),
    ^
  File "<string>", line 2, in __new__
  File "/home/vighnesh/Projects/QuizzApp-RBMI/backend/venv/lib/python3.13/site-packages/sqlalchemy/util/deprecations.py", line 281, in warned
    return fn(*args, **kwargs)  # type: ignore[no-any-return]
  File "/home/vighnesh/Projects/QuizzApp-RBMI/backend/venv/lib/python3.13/site-packages/sqlalchemy/sql/schema.py", line 427, in __new__
    return cls._new(*args, **kw)
           ~~~~~~~~^^^^^^^^^^^^^
  File "/home/vighnesh/Projects/QuizzApp-RBMI/backend/venv/lib/python3.13/site-packages/sqlalchemy/sql/schema.py", line 459, in _new
    raise exc.InvalidRequestError(
    ...<5 lines>...
    )
sqlalchemy.exc.InvalidRequestError: Table 'subjects' is already defined for this MetaData instance.  Specify 'extend_existing=True' to redefine options and columns on an existing Table object.
INFO:     Stopping reloader process [3335]
